Assignment_1_CE881/EComplain/app/build/outputs/mapping/release/configuration.txt
# The proguard configuration file for the following section is intermediates\proguard-files\proguard-android-optimize.txt-4.1.2
# This is a configuration file for ProGuard.
# http://proguard.sourceforge.net/index.html#manual/usage.html
#
# Starting with version 2.2 of the Android plugin for Gradle, this file is distributed together with
# the plugin and unpacked at build-time. The files in $ANDROID_HOME are no longer maintained and
# will be ignored by new version of the Android plugin for Gradle.

# Optimizations: If you don't want to optimize, use the proguard-android.txt configuration file
# instead of this one, which turns off the optimization flags.
# Adding optimization introduces certain risks, since for example not all optimizations performed by
# ProGuard works on all versions of Dalvik.  The following flags turn off various optimizations
# known to have issues, but the list may not be complete or up to date. (The "arithmetic"
# optimization can be used if you are only targeting Android 2.0 or later.)  Make sure you test
# thoroughly if you go this route.
-optimizations !code/simplification/arithmetic,!code/simplification/cast,!field/*,!class/merging/*
-optimizationpasses 5
-allowaccessmodification

-dontusemixedcaseclassnames
-dontskipnonpubliclibraryclasses
-verbose

# Preserve some attributes that may be required for reflection.
-keepattributes *Annotation*,Signature,InnerClasses,EnclosingMethod

-keep public class com.google.vending.licensing.ILicensingService
-keep public class com.android.vending.licensing.ILicensingService
-keep public class com.google.android.vending.licensing.ILicensingService
-dontnote com.android.vending.licensing.ILicensingService
-dontnote com.google.vending.licensing.ILicensingService
-dontnote com.google.android.vending.licensing.ILicensingService

# For native methods, see http://proguard.sourceforge.net/manual/examples.html#native
-keepclasseswithmembernames,includedescriptorclasses class * {
    native <methods>;
}

# Keep setters in Views so that animations can still work.
-keepclassmembers public class * extends android.view.View {
    void set*(***);
    *** get*();
}

# We want to keep methods in Activity that could be used in the XML attribute onClick.
-keepclassmembers class * extends android.app.Activity {
    public void *(android.view.View);
}

# For enumeration classes, see http://proguard.sourceforge.net/manual/examples.html#enumerations
-keepclassmembers enum * {
    public static **[] values();
    public static ** valueOf(java.lang.String);
}

-keepclassmembers class * implements android.os.Parcelable {
    public static final ** CREATOR;
}

# Preserve annotated Javascript interface methods.
-keepclassmembers class * {
    @android.webkit.JavascriptInterface <methods>;
}

# The support libraries contains references to newer platform versions.
# Don't warn about those in case this app is linking against an older
# platform version. We know about them, and they are safe.
-dontnote android.support.**
-dontnote androidx.**
-dontwarn android.support.**
-dontwarn androidx.**

# This class is deprecated, but remains for backward compatibility.
-dontwarn android.util.FloatMath

# Understand the @Keep support annotation.
-keep class android.support.annotation.Keep
-keep class androidx.annotation.Keep

-keep @android.support.annotation.Keep class * {*;}
-keep @androidx.annotation.Keep class * {*;}

-keepclasseswithmembers class * {
    @android.support.annotation.Keep <methods>;
}

-keepclasseswithmembers class * {
    @androidx.annotation.Keep <methods>;
}

-keepclasseswithmembers class * {
    @android.support.annotation.Keep <fields>;
}

-keepclasseswithmembers class * {
    @androidx.annotation.Keep <fields>;
}

-keepclasseswithmembers class * {
    @android.support.annotation.Keep <init>(...);
}

-keepclasseswithmembers class * {
    @androidx.annotation.Keep <init>(...);
}

# These classes are duplicated between android.jar and org.apache.http.legacy.jar.
-dontnote org.apache.http.**
-dontnote android.net.http.**

# These classes are duplicated between android.jar and core-lambda-stubs.jar.
-dontnote java.lang.invoke.**

# End of content from intermediates\proguard-files\proguard-android-optimize.txt-4.1.2
# The proguard configuration file for the following section is EComplain\app\proguard-rules.pro
# Add project specific ProGuard rules here.
# By default, the flags in this file are appended to flags specified
# in E:\Android_sdk\sdk/tools/proguard/proguard-android.txt
# You can edit the include path and order by changing the proguardFiles
# directive in build.gradle.
#
# For more details, see
#   http://developer.android.com/guide/developing/tools/proguard.html

# Add any project specific keep options here:

# If your project uses WebView with JS, uncomment the following
# and specify the fully qualified class name to the JavaScript interface
# class:
#-keepclassmembers class fqcn.of.javascript.interface.for.webview {
#   public *;
#}

# End of content from EComplain\app\proguard-rules.pro
# The proguard configuration file for the following section is aapt_proguard_file\release\aapt_rules.txt
-keep class com.demo.EComplain.Activity.AboutusActivity { <init>(); }
-keep class com.demo.EComplain.Activity.AddComplaintActivity { <init>(); }
-keep class com.demo.EComplain.Activity.AddComplaintDetailsActivity { <init>(); }
-keep class com.demo.EComplain.Activity.ContactUsActivity { <init>(); }
-keep class com.demo.EComplain.Activity.LoginMainActivity { <init>(); }
-keep class com.demo.EComplain.Activity.MainActivity { <init>(); }
-keep class com.demo.EComplain.Activity.MyProfileActivity { <init>(); }
-keep class com.demo.EComplain.Activity.NoConnectionActivity { <init>(); }
-keep class com.demo.EComplain.Activity.PlacePickerMapActivity { <init>(); }
-keep class com.demo.EComplain.Activity.RegisterMainActivity { <init>(); }
-keep class com.demo.EComplain.Activity.SplashScreenActivity { <init>(); }
-keep class com.demo.EComplain.Utilities.AppController { <init>(); }
-keep class com.demo.EComplain.whateverString { <init>(); }
-keep class com.google.android.gms.common.api.GoogleApiActivity { <init>(); }
-keep class com.google.android.libraries.places.widget.AutocompleteActivity { <init>(); }
-keep class com.karumi.dexter.DexterActivity { <init>(); }
-keep class net.gotev.uploadservice.UploadService { <init>(); }
-keep class android.widget.Space { <init>(android.content.Context, android.util.AttributeSet); }

-keep class androidx.appcompat.app.AlertController$RecycleListView { <init>(android.content.Context, android.util.AttributeSet); }

-keep class androidx.appcompat.view.menu.ActionMenuItemView { <init>(android.content.Context, android.util.AttributeSet); }

-keep class androidx.appcompat.view.menu.ExpandedMenuView { <init>(android.content.Context, android.util.AttributeSet); }

-keep class androidx.appcompat.view.menu.ListMenuItemView { <init>(android.content.Context, android.util.AttributeSet); }

-keep class androidx.appcompat.widget.ActionBarContainer { <init>(android.content.Context, android.util.AttributeSet); }

-keep class androidx.appcompat.widget.ActionBarContextView { <init>(android.content.Context, android.util.AttributeSet); }

-keep class androidx.appcompat.widget.ActionBarOverlayLayout { <init>(android.content.Context, android.util.AttributeSet); }

-keep class androidx.appcompat.widget.ActionMenuView { <init>(android.content.Context, android.util.AttributeSet); }

-keep class androidx.appcompat.widget.ActivityChooserView$InnerLayout { <init>(android.content.Context, android.util.AttributeSet); }

-keep class androidx.appcompat.widget.AlertDialogLayout { <init>(android.content.Context, android.util.AttributeSet); }

-keep class androidx.appcompat.widget.ButtonBarLayout { <init>(android.content.Context, android.util.AttributeSet); }

-keep class androidx.appcompat.widget.ContentFrameLayout { <init>(android.content.Context, android.util.AttributeSet); }

-keep class androidx.appcompat.widget.DialogTitle { <init>(android.content.Context, android.util.AttributeSet); }

-keep class androidx.appcompat.widget.FitWindowsFrameLayout { <init>(android.content.Context, android.util.AttributeSet); }

-keep class androidx.appcompat.widget.FitWindowsLinearLayout { <init>(android.content.Context, android.util.AttributeSet); }

-keep class androidx.appcompat.widget.SearchView$SearchAutoComplete { <init>(android.content.Context, android.util.AttributeSet); }

-keep class androidx.appcompat.widget.Toolbar { <init>(android.content.Context, android.util.AttributeSet); }

-keep class androidx.appcompat.widget.ViewStubCompat { <init>(android.content.Context, android.util.AttributeSet); }

-keep class androidx.cardview.widget.CardView { <init>(android.content.Context, android.util.AttributeSet); }

-keep class androidx.coordinatorlayout.widget.CoordinatorLayout { <init>(android.content.Context, android.util.AttributeSet); }

-keep class androidx.core.widget.NestedScrollView { <init>(android.content.Context, android.util.AttributeSet); }

-keep class androidx.drawerlayout.widget.DrawerLayout { <init>(android.content.Context, android.util.AttributeSet); }

-keep class androidx.recyclerview.widget.RecyclerView { <init>(android.content.Context, android.util.AttributeSet); }

-keep class com.aloj22.listenerswiperefreshlayout.ListenerSwipeRefreshLayout { <init>(android.content.Context, android.util.AttributeSet); }

-keep class com.bruce.pickerview.LoopView { <init>(android.content.Context, android.util.AttributeSet); }

-keep class com.google.android.gms.maps.SupportMapFragment { <init>(); }

-keep class com.google.android.material.appbar.AppBarLayout { <init>(android.content.Context, android.util.AttributeSet); }

-keep class com.google.android.material.floatingactionbutton.FloatingActionButton { <init>(android.content.Context, android.util.AttributeSet); }

-keep class com.google.android.material.internal.BaselineLayout { <init>(android.content.Context, android.util.AttributeSet); }

-keep class com.google.android.material.internal.CheckableImageButton { <init>(android.content.Context, android.util.AttributeSet); }

-keep class com.google.android.material.internal.NavigationMenuItemView { <init>(android.content.Context, android.util.AttributeSet); }

-keep class com.google.android.material.internal.NavigationMenuView { <init>(android.content.Context, android.util.AttributeSet); }

-keep class com.google.android.material.navigation.NavigationView { <init>(android.content.Context, android.util.AttributeSet); }

-keep class com.google.android.material.snackbar.Snackbar$SnackbarLayout { <init>(android.content.Context, android.util.AttributeSet); }

-keep class com.google.android.material.snackbar.SnackbarContentLayout { <init>(android.content.Context, android.util.AttributeSet); }

-keep class com.google.android.material.textfield.TextInputLayout { <init>(android.content.Context, android.util.AttributeSet); }

-keep class com.libizo.CustomEditText { <init>(android.content.Context, android.util.AttributeSet); }

-keep class com.riyagayasen.easyaccordion.AccordionView { <init>(android.content.Context, android.util.AttributeSet); }

-keep class com.skyfishjy.library.RippleBackground { <init>(android.content.Context, android.util.AttributeSet); }

-keep class de.hdodenhof.circleimageview.CircleImageView { <init>(android.content.Context, android.util.AttributeSet); }

-keep class pl.droidsonroids.gif.GifTextView { <init>(android.content.Context, android.util.AttributeSet); }


# End of content from aapt_proguard_file\release\aapt_rules.txt
# The proguard configuration file for the following section is 0af516365982a38b83f5d8a2fba04e41\jetified-dexter-5.0.0\proguard.txt
-renamesourcefileattribute SourceFile

# Preserve all Dexter classes and method names

-keepattributes InnerClasses, Signature, *Annotation*

-keep class com.karumi.dexter.** { *; }
-keep interface com.karumi.dexter.** { *; }
-keepclasseswithmembernames class com.karumi.dexter.** { *; }
-keepclasseswithmembernames interface com.karumi.dexter.** { *; }
# End of content from 0af516365982a38b83f5d8a2fba04e41\jetified-dexter-5.0.0\proguard.txt
# The proguard configuration file for the following section is 3687f3b99e8403f2ac71fc13522840ff\material-1.0.0\proguard.txt
# Copyright (C) 2015 The Android Open Source Project
#
# Licensed under the Apache License, Version 2.0 (the "License");
# you may not use this file except in compliance with the License.
# You may obtain a copy of the License at
#
#      http://www.apache.org/licenses/LICENSE-2.0
#
# Unless required by applicable law or agreed to in writing, software
# distributed under the License is distributed on an "AS IS" BASIS,
# WITHOUT WARRANTIES OR CONDITIONS OF ANY KIND, either express or implied.
# See the License for the specific language governing permissions and
# limitations under the License.

# CoordinatorLayout resolves the behaviors of its child components with reflection.
-keep public class * extends androidx.coordinatorlayout.widget.CoordinatorLayout$Behavior {
    public <init>(android.content.Context, android.util.AttributeSet);
    public <init>();
}

# Make sure we keep annotations for CoordinatorLayout's DefaultBehavior
-keepattributes *Annotation*

# End of content from 3687f3b99e8403f2ac71fc13522840ff\material-1.0.0\proguard.txt
# The proguard configuration file for the following section is 16d549a7da82f7a226fa4a756740681b\jetified-places-1.1.0\proguard.txt
# Proguard file to be exported as a proguard.txt in the 3P AAR release.

# The Places Library has already been obfuscated. This prevent further obfuscation.
-keep class com.google.android.libraries.places.** {
    *;
}

# Included for Guava. This can be removed once Guava has consumerProguardFiles properly configured.
# See https://github.com/google/guava/issues/3137.
-dontwarn afu.org.checkerframework.**
-dontwarn org.checkerframework.**
-dontwarn java.lang.ClassValue
-dontwarn com.google.errorprone.**

# We keep all fields for every generated proto file as the runtime uses
# reflection over them that ProGuard cannot detect. Without this keep
# rule, fields may be removed that would cause runtime failures.
-keepclassmembers class * extends com.google.android.libraries.places.internal.kv {
  <fields>;
}


# End of content from 16d549a7da82f7a226fa4a756740681b\jetified-places-1.1.0\proguard.txt
# The proguard configuration file for the following section is deb6da7db3da191b108446f27e37e742\appcompat-1.0.0\proguard.txt
# Copyright (C) 2018 The Android Open Source Project
#
# Licensed under the Apache License, Version 2.0 (the "License");
# you may not use this file except in compliance with the License.
# You may obtain a copy of the License at
#
#      http://www.apache.org/licenses/LICENSE-2.0
#
# Unless required by applicable law or agreed to in writing, software
# distributed under the License is distributed on an "AS IS" BASIS,
# WITHOUT WARRANTIES OR CONDITIONS OF ANY KIND, either express or implied.
# See the License for the specific language governing permissions and
# limitations under the License.

# Ensure that reflectively-loaded inflater is not obfuscated. This can be
# removed when we stop supporting AAPT1 builds.
-keepnames class androidx.appcompat.app.AppCompatViewInflater

# aapt is not able to read app::actionViewClass and app:actionProviderClass to produce proguard
# keep rules. Add a commonly used SearchView to the keep list until b/109831488 is resolved.
-keep class androidx.appcompat.widget.SearchView { <init>(...); }
# End of content from deb6da7db3da191b108446f27e37e742\appcompat-1.0.0\proguard.txt
# The proguard configuration file for the following section is c69c8fbb467c1a43b80be8fa3ea26bf3\jetified-volley-1.1.1\proguard.txt
# Prevent Proguard from inlining methods that are intentionally extracted to ensure locals have a
# constrained liveness scope by the GC. This is needed to avoid keeping previous request references
# alive for an indeterminate amount of time. See also https://github.com/google/volley/issues/114
-keepclassmembers,allowshrinking,allowobfuscation class com.android.volley.NetworkDispatcher {
    void processRequest();
}
-keepclassmembers,allowshrinking,allowobfuscation class com.android.volley.CacheDispatcher {
    void processRequest();
}

# End of content from c69c8fbb467c1a43b80be8fa3ea26bf3\jetified-volley-1.1.1\proguard.txt
# The proguard configuration file for the following section is 24e82aba340b759240f09c8ab46deb1a\recyclerview-1.0.0\proguard.txt
# Copyright (C) 2015 The Android Open Source Project
#
# Licensed under the Apache License, Version 2.0 (the "License");
# you may not use this file except in compliance with the License.
# You may obtain a copy of the License at
#
#      http://www.apache.org/licenses/LICENSE-2.0
#
# Unless required by applicable law or agreed to in writing, software
# distributed under the License is distributed on an "AS IS" BASIS,
# WITHOUT WARRANTIES OR CONDITIONS OF ANY KIND, either express or implied.
# See the License for the specific language governing permissions and
# limitations under the License.

# When layoutManager xml attribute is used, RecyclerView inflates
#LayoutManagers' constructors using reflection.
-keep public class * extends androidx.recyclerview.widget.RecyclerView$LayoutManager {
    public <init>(android.content.Context, android.util.AttributeSet, int, int);
    public <init>();
}

# End of content from 24e82aba340b759240f09c8ab46deb1a\recyclerview-1.0.0\proguard.txt
# The proguard configuration file for the following section is 8196d3e661e041fc7dc15ecbc4d461f4\jetified-butterknife-10.0.0\proguard.txt
# Retain generated class which implement Unbinder.
-keep public class * implements butterknife.Unbinder { public <init>(**, android.view.View); }

# Prevent obfuscation of types which use ButterKnife annotations since the simple name
# is used to reflectively look up the generated ViewBinding.
-keep class butterknife.*
-keepclasseswithmembernames class * { @butterknife.* <methods>; }
-keepclasseswithmembernames class * { @butterknife.* <fields>; }

# End of content from 8196d3e661e041fc7dc15ecbc4d461f4\jetified-butterknife-10.0.0\proguard.txt
# The proguard configuration file for the following section is 7c52ce142f00483c06d42e1c347eba71\jetified-calligraphy3-3.1.1\proguard.txt
# Add project specific ProGuard rules here.
# By default, the flags in this file are appended to flags specified
# in /Developer/android-sdk-osx/tools/proguard/proguard-android.txt
# You can edit the include path and order by changing the ProGuard
# include property in project.properties.
#
# For more details, see
#   http://developer.android.com/guide/developing/tools/proguard.html

# Add any project specific keep options here:

# If your project uses WebView with JS, uncomment the following
# and specify the fully qualified class name to the JavaScript interface
# class:
#-keepclassmembers class fqcn.of.javascript.interface.for.webview {
#   public *;
#}

-keep class io.github.inflationx.calligraphy3.* { *; }
-keep class io.github.inflationx.calligraphy3.*$* { *; }

# End of content from 7c52ce142f00483c06d42e1c347eba71\jetified-calligraphy3-3.1.1\proguard.txt
# The proguard configuration file for the following section is dd6783383c2e3a6abd7ef670de1ba558\jetified-android-gif-drawable-1.2.3\proguard.txt
-keep public class pl.droidsonroids.gif.GifIOException{<init>(int);}

# End of content from dd6783383c2e3a6abd7ef670de1ba558\jetified-android-gif-drawable-1.2.3\proguard.txt
# The proguard configuration file for the following section is 9750de36b00df8fe1b2fad880beb478d\jetified-play-services-clearcut-16.0.0\proguard.txt
# We keep all fields for every generated proto file as the runtime uses
# reflection over them that ProGuard cannot detect. Without this keep
# rule, fields may be removed that would cause runtime failures.
-keepclassmembers class * extends com.google.android.gms.internal.clearcut.zzcg {
  <fields>;
}