Assignment_1_CE881/EComplain/app/build/outputs/mapping/release/seeds.txt
com.google.android.libraries.places.internal.jv: com.google.android.libraries.places.internal.mb a(com.google.android.libraries.places.internal.ma)
com.google.android.libraries.places.internal.gu
androidx.recyclerview.widget.RecyclerView$SavedState: android.os.Parcelable$Creator CREATOR
com.google.android.libraries.places.internal.k: com.google.android.gms.common.api.ApiException a(java.lang.Exception)
com.karumi.dexter.R$string: int bottom_sheet_behavior
com.demo.EComplain.Activity.LoginMainActivity: LoginMainActivity()
com.google.android.libraries.places.internal.ex: void registerDataSetObserver(android.database.DataSetObserver)
com.android.volley.Request: com.android.volley.Request$Priority getPriority()
com.google.android.libraries.places.internal.at: com.google.android.gms.tasks.TaskCompletionSource b
com.google.android.libraries.places.internal.lv
com.google.android.libraries.places.R$color: int quantum_white_100
androidx.recyclerview.widget.RecyclerView$ViewHolder: int getAdapterPosition()
androidx.appcompat.widget.LinearLayoutCompat: int getGravity()
com.karumi.dexter.R$string: int path_password_strike_through
androidx.core.app.ComponentActivity: androidx.lifecycle.LifecycleRegistry mLifecycleRegistry
com.google.android.libraries.places.internal.gh: com.google.android.libraries.places.internal.gi a
androidx.fragment.app.FragmentActivity: java.lang.String REQUEST_FRAGMENT_WHO_TAG
com.google.android.libraries.places.internal.mz: mz(com.google.android.libraries.places.internal.ms,java.util.Map$Entry)
com.karumi.dexter.R$attr: int elevation
androidx.appcompat.widget.Toolbar: android.view.MenuInflater getMenuInflater()
com.google.android.libraries.places.internal.iy: com.google.android.libraries.places.internal.if d
com.karumi.dexter.listener.multi.DialogOnAnyDeniedMultiplePermissionsListener$Builder: com.karumi.dexter.listener.multi.DialogOnAnyDeniedMultiplePermissionsListener$Builder withButtonText(int)
com.google.android.libraries.places.internal.ll
androidx.recyclerview.widget.RecyclerView: androidx.recyclerview.widget.RecyclerView$ItemAnimator getItemAnimator()
com.karumi.dexter.R$styleable: int CollapsingToolbarLayout_expandedTitleMarginBottom
com.karumi.dexter.R$attr: int pressedTranslationZ
com.karumi.dexter.R$dimen: int abc_action_bar_overflow_padding_end_material
com.karumi.dexter.R$dimen: int design_navigation_max_width
com.karumi.dexter.listener.single.DialogOnDeniedPermissionListener$Builder: com.karumi.dexter.listener.single.DialogOnDeniedPermissionListener$Builder withTitle(java.lang.String)
com.google.android.libraries.places.internal.cs: android.os.Parcelable$Creator CREATOR
androidx.recyclerview.widget.RecyclerView$ViewHolder: int FLAG_REMOVED
androidx.appcompat.widget.AppCompatSpinner: void setDropDownVerticalOffset(int)
androidx.recyclerview.widget.RecyclerView$LayoutManager: RecyclerView$LayoutManager()
com.google.android.material.circularreveal.cardview.CircularRevealCardView: com.google.android.material.circularreveal.CircularRevealWidget$RevealInfo getRevealInfo()
com.google.android.libraries.places.internal.mg: mg()
com.google.android.libraries.places.internal.hn: java.lang.Object get(java.lang.Object)
com.karumi.dexter.R$style: int Theme_AppCompat_Light
com.google.android.libraries.places.R$id: int contentPanel
com.google.android.libraries.places.api.internal.impl.net.pablo.AutocompletePredictionResult: java.util.List getTypes()
com.google.android.libraries.places.R$id: int item_touch_helper_previous_elevation
com.karumi.dexter.R$style: int ThemeOverlay_AppCompat_ActionBar
com.google.android.libraries.places.internal.bu: bu()
com.google.android.libraries.places.internal.jy: void clear()
com.karumi.dexter.R$style: int Base_Widget_AppCompat_ActionBar_TabBar
com.google.android.libraries.places.internal.eu$a: com.google.android.libraries.places.internal.eu$a c
com.google.android.libraries.places.internal.ck: int describeContents()