Assignment_1_CE881/EComplain/app/build/outputs/mapping/release/mapping.txt
# compiler: R8
# compiler_version: 2.1.86
# min_api: 21
# pg_map_id: 343b568
# common_typos_disable
...
com.google.android.gms.common.zza -> d.e.a.a.d.q:
    1:1:int com.google.android.gms.common.internal.safeparcel.SafeParcelReader.readHeader(android.os.Parcel):0:0 -> createFromParcel
    1:1:java.lang.Object createFromParcel(android.os.Parcel):0 -> createFromParcel
    2:2:java.lang.Object createFromParcel(android.os.Parcel):0:0 -> createFromParcel
com.google.android.gms.common.zzb -> d.e.a.a.d.r:
    1:1:int com.google.android.gms.common.internal.safeparcel.SafeParcelReader.readHeader(android.os.Parcel):0:0 -> createFromParcel
    1:1:java.lang.Object createFromParcel(android.os.Parcel):0 -> createFromParcel
    2:2:java.lang.Object createFromParcel(android.os.Parcel):0:0 -> createFromParcel
com.google.android.gms.common.zzc -> d.e.a.a.d.s:
    android.content.Context zzp -> a
com.google.android.gms.common.zze -> d.e.a.a.d.t:
    int zzt -> a
    1:1:void com.google.android.gms.common.internal.zzj.<init>():0:0 -> <init>
    1:1:void <init>(byte[]):0 -> <init>
    2:2:void <init>(byte[]):0:0 -> <init>
    byte[] zza(java.lang.String) -> Q
    1:1:int hashCode():0:0 -> equals
    1:1:boolean equals(java.lang.Object):0 -> equals
    2:2:boolean equals(java.lang.Object):0:0 -> equals
    1:1:int hashCode():0:0 -> h
    1:1:int zzc():0 -> h
    1:1:int hashCode():0:0 -> q
    1:1:int zzc():0 -> q
    1:1:boolean com.google.android.gms.common.internal.zzj.zza(int,android.os.Parcel,android.os.Parcel,int):0 -> q
    1:1:boolean com.google.android.gms.common.internal.zzj.zza(int,android.os.Parcel,android.os.Parcel,int):0 -> q
    2:2:boolean com.google.android.gms.common.internal.zzj.zza(int,android.os.Parcel,android.os.Parcel,int):0:0 -> q
    2:2:boolean com.google.android.gms.common.internal.zzj.zza(int,android.os.Parcel,android.os.Parcel,int):0 -> q
    3:3:com.google.android.gms.dynamic.IObjectWrapper zzb():0:0 -> q
    3:3:boolean com.google.android.gms.common.internal.zzj.zza(int,android.os.Parcel,android.os.Parcel,int):0 -> q
    3:3:boolean com.google.android.gms.common.internal.zzj.zza(int,android.os.Parcel,android.os.Parcel,int):0 -> q
    4:4:com.google.android.gms.dynamic.IObjectWrapper com.google.android.gms.dynamic.ObjectWrapper.wrap(java.lang.Object):0:0 -> q
    4:4:com.google.android.gms.dynamic.IObjectWrapper zzb():0 -> q
com.google.android.gms.common.zzf -> d.e.a.a.d.u:
    byte[] zzu -> b
    byte[] getBytes() -> x
com.google.android.gms.common.zzg -> d.e.a.a.d.v:
    java.lang.ref.WeakReference zzw -> c
    java.lang.ref.WeakReference zzv -> b
    byte[] zzd() -> S
    byte[] getBytes() -> x
com.google.android.gms.common.zzh -> d.e.a.a.d.w:
    com.google.android.gms.common.zze[] zzx -> a
com.google.android.gms.common.zzi -> d.e.a.a.d.x:
    byte[] zzd() -> S
com.google.android.gms.common.zzj -> d.e.a.a.d.y:
    byte[] zzd() -> S
com.google.android.gms.dynamic.DeferredLifecycleHelper -> d.e.a.a.e.a:
    android.os.Bundle zarg -> b
    com.google.android.gms.dynamic.LifecycleDelegate zarf -> a
    com.google.android.gms.dynamic.OnDelegateCreatedListener zari -> d
    java.util.LinkedList zarh -> c
    1:1:void com.google.android.gms.maps.SupportMapFragment$zzb.createDelegate(com.google.android.gms.dynamic.OnDelegateCreatedListener):0:0 -> a
    1:1:void zaa(android.os.Bundle,com.google.android.gms.dynamic.DeferredLifecycleHelper$zaa):0 -> a
    void zal(int) -> b
com.google.android.gms.dynamic.DeferredLifecycleHelper$zaa -> d.e.a.a.e.a$a:
    int getState() -> a
    void zaa(com.google.android.gms.dynamic.LifecycleDelegate) -> b
com.google.android.gms.dynamic.IObjectWrapper -> d.e.a.a.e.b:
com.google.android.gms.dynamic.IObjectWrapper$Stub -> d.e.a.a.e.b$a:
    com.google.android.gms.dynamic.IObjectWrapper asInterface(android.os.IBinder) -> x
com.google.android.gms.dynamic.IObjectWrapper$Stub$zza -> d.e.a.a.e.b$a$a:
com.google.android.gms.dynamic.LifecycleDelegate -> d.e.a.a.e.c: