Assignment_1_CE881/EComplain/app/build/outputs/mapping/release/usage.txt
com.google.android.gms.common.api.internal.zabs
androidx.constraintlayout.widget.Constraints
com.google.auto.value.extension.memoized.Memoized
com.squareup.picasso.RemoteViewsAction$AppWidgetAction
androidx.coordinatorlayout.widget.CoordinatorLayout$DispatchChangeEvent
androidx.media.MediaBrowserServiceCompatApi21
com.squareup.picasso.Utils$BitmapHoneycombMR1
kotlin.text.StringsKt__RegexExtensionsJVMKt:
    private static final kotlin.text.Regex toRegex(java.util.regex.Pattern)
    public void <init>()
com.google.android.gms.common.api.internal.zabb
com.google.android.gms.common.server.converter.zac
androidx.fragment.app.ListFragment$2
android.support.v4.media.MediaBrowserCompat$CustomActionCallback:
    public void <init>()
kotlin.jvm.internal.markers.KMappedMarker
com.google.android.gms.internal.clearcut.zzge$zzg$zza
kotlin.collections.ReversedList
androidx.appcompat.app.AppCompatDialogFragment
kotlin.ranges.LongProgression
com.google.android.gms.maps.GoogleMap$OnCameraChangeListener
com.google.android.gms.maps.SupportStreetViewPanoramaFragment$zzb
androidx.core.net.TrafficStatsCompat
com.google.android.gms.maps.model.PointOfInterest
kotlin.text.StringsKt:
    private void <init>()
kotlin.text.StringsKt___StringsKt$withIndex$1
com.google.android.material.tabs.TabLayout$TabView
androidx.core.app.NotificationCompat$Action$Extender
com.google.android.gms.common.api.internal.PendingResultFacade
com.bumptech.glide.load.engine.prefill.BitmapPreFillRunner
com.google.android.material.appbar.CollapsingToolbarLayout$OffsetUpdateListener
com.squareup.picasso.NetworkBitmapHunter
kotlin.jvm.functions.Function5
butterknife.BindViews:
    public abstract int[] value()
androidx.recyclerview.widget.ViewBoundsCheck$BoundFlags:
    void setFlags(int,int)
com.google.android.material.shape.ShapePath$PathArcOperation
kotlin.coroutines.experimental.SequenceBuilderKt
com.google.android.material.resources.TextAppearance
android.support.v4.media.session.MediaControllerCompat$Callback:
    public void onSessionReady()
    public void onCaptioningEnabledChanged(boolean)
    public void onRepeatModeChanged(int)
    public void onShuffleModeChanged(int)
    public android.support.v4.media.session.IMediaControllerCallback getIControllerCallback()
    void setHandler(android.os.Handler)
com.google.android.material.tabs.TabLayout$SlidingTabIndicator
com.google.android.gms.common.server.response.zah
com.google.android.gms.internal.clearcut.zzge$zzc$zza
android.support.v4.media.session.MediaControllerCompat$TransportControlsApi24
androidx.appcompat.widget.FitWindowsFrameLayout:
    public void <init>(android.content.Context)
kotlin.Result
kotlin.KotlinVersion
com.android.volley.toolbox.ImageLoader$3